00e128c8-3994-4c04-93ba-ef93efdbca98 bpinsard@nc30517.narval.calcul.quebec:/localscratch/bpinsard.3177467.0/fmriprep_studymovie10_sub01_ses009.job timestamp=1645742646.178354127s
018a41e4-42f5-4ae9-a6f8-81ae18eb6e12 bpinsard@nc30622.narval.calcul.quebec:/localscratch/bpinsard.3203288.0/fmriprep_studymovie10_sub06_ses008.job timestamp=1645828062.528024352s
029074f4-b246-419a-a3b3-2ff6ab44cf13 bpinsard@nc30611.narval.calcul.quebec:/localscratch/bpinsard.3203255.0/fmriprep_studymovie10_sub03_ses009.job timestamp=1645817830.81346295s
09654d48-b763-4f09-a306-a72948a62a88 bpinsard@nc10129.narval.calcul.quebec:/localscratch/bpinsard.2768002.0/fmriprep_studymovie10_sub01_ses001.job timestamp=1644944631.48215992s
0987adce-93c8-4b21-8c3f-01a667038ae8 bpinsard@nc30420.narval.calcul.quebec:/localscratch/bpinsard.3203282.0/fmriprep_studymovie10_sub06_ses002.job timestamp=1645825438.06674478s
0ada18fa-a663-48e2-a57f-c81fba4b846e bpinsard@nc10337.narval.calcul.quebec:/localscratch/bpinsard.3203250.0/fmriprep_studymovie10_sub03_ses003.job timestamp=1645818996.392746327s
0d310057-0902-4c91-9c65-5ba6c858b414 bpinsard@nc10430.narval.calcul.quebec:/localscratch/bpinsard.3197970.0/fmriprep_studymovie10_sub02_ses006.job timestamp=1645807554.689779054s
0fd202a4-80b0-4ac4-8623-745aad15336f bpinsard@nc30417.narval.calcul.quebec:/localscratch/bpinsard.3203281.0/fmriprep_studymovie10_sub06_ses001.job timestamp=1645825157.600944597s
111aeb0f-c0fb-4d84-bc42-be4e91dc8474 bpinsard@nc20523.narval.calcul.quebec:/localscratch/bpinsard.3197976.0/fmriprep_studymovie10_sub02_ses011.job timestamp=1645808830.547702466s
191b65c8-fdcf-4afc-bc23-899fcf8f0ebb bpinsard@nc20451.narval.calcul.quebec:/localscratch/bpinsard.3203268.0/fmriprep_studymovie10_sub04_ses009.job timestamp=1645824834.629229318s
1b87b782-76bb-44e2-b128-a56a3ccba5d5 bpinsard@nc10307.narval.calcul.quebec:/localscratch/bpinsard.3177019.0/fmriprep_studymovie10_sub01_ses004.job timestamp=1645736152.9408906s
1d1e9b5e-2c37-435c-b94b-8baf5da835c0 bpinsard@nc30549.narval.calcul.quebec:/localscratch/bpinsard.3203276.0/fmriprep_studymovie10_sub05_ses005.job timestamp=1645824544.027455364s
1f310445-1e6a-422b-b1b1-b051f5ee82b4 bpinsard@nc30503.narval.calcul.quebec:/localscratch/bpinsard.3203257.0/fmriprep_studymovie10_sub03_ses011.job timestamp=1645817268.088054082s
2017d68e-d20b-4729-abc6-5a19c002e394 ria-narval-storage timestamp=1639078947.098189671s
244d971d-0cfc-42b1-a2ad-bd9e3c14a98e bpinsard@nc10255.narval.calcul.quebec:/localscratch/bpinsard.3203249.0/fmriprep_studymovie10_sub03_ses002.job timestamp=1645818108.645475979s
25811c34-9fa2-4bec-b8ff-addf05417a4a bpinsard@nc10435.narval.calcul.quebec:/localscratch/bpinsard.3197971.0/fmriprep_studymovie10_sub02_ses007.job timestamp=1645807856.497910343s
29d74bd7-9d67-4e6c-9907-22ca592e6023 bpinsard@nc10535.narval.calcul.quebec:/localscratch/bpinsard.3203251.0/fmriprep_studymovie10_sub03_ses004.job timestamp=1645816687.412542322s
3aad5354-1da3-48b3-854b-dc894c3a7454 bpinsard@nc30611.narval.calcul.quebec:/localscratch/bpinsard.3203256.0/fmriprep_studymovie10_sub03_ses010.job timestamp=1645817553.483693193s
40c5ddaf-9ce1-46d6-b2bc-b18dcf698427 bpinsard@nc30422.narval.calcul.quebec:/localscratch/bpinsard.3203284.0/fmriprep_studymovie10_sub06_ses004.job timestamp=1645827778.128682378s
4193a192-c133-4a1b-b6fb-fe09e632b8f7 bpinsard@nc30519.narval.calcul.quebec:/localscratch/bpinsard.3203262.0/fmriprep_studymovie10_sub04_ses003.job timestamp=1645819901.80535573s
420e8f5a-935b-4ae9-bcb9-6f3bb7e70612 bpinsard@nc20409.narval.calcul.quebec:/localscratch/bpinsard.3177464.0/fmriprep_studymovie10_sub01_ses006.job timestamp=1645740213.705546219s
4222fc5a-99d2-43e1-a351-60892f2d52b0 bpinsard@nc20423.narval.calcul.quebec:/localscratch/bpinsard.3203252.0/fmriprep_studymovie10_sub03_ses005.job timestamp=1645818685.063591786s
44155268-85b1-432e-997b-64ed3551a5ac bpinsard@nc30319.narval.calcul.quebec:/localscratch/bpinsard.3197965.0/fmriprep_studymovie10_sub02_ses001.job timestamp=1645806693.236968073s
4561eda6-ddd6-4cbc-a992-8d4cbf7c71d2 bpinsard@nc20529.narval.calcul.quebec:/localscratch/bpinsard.3197977.0/fmriprep_studymovie10_sub02_ses012.job timestamp=1645809144.913563207s
4e669b8a-6e5b-4a57-9cae-8bc272c46a42 bpinsard@nc30549.narval.calcul.quebec:/localscratch/bpinsard.3203278.0/fmriprep_studymovie10_sub05_ses008.job timestamp=1645826540.707738449s
4ef316d4-f5af-4232-9b7b-d3f73e8298c1 bpinsard@nc30536.narval.calcul.quebec:/localscratch/bpinsard.3203274.0/fmriprep_studymovie10_sub05_ses003.job timestamp=1645823713.548122198s
5241822b-f142-49ab-a187-c0947ccaf0e7 ria-beluga-storage timestamp=1643403695.717502447s
5511980b-2b19-402f-a307-dc6a8027e23d bpinsard@nc30601.narval.calcul.quebec:/localscratch/bpinsard.3203270.0/fmriprep_studymovie10_sub04_ses011.job timestamp=1645824265.825943755s
57f96ac6-4b43-4866-a337-1a2041a0b095 bpinsard@nc30527.narval.calcul.quebec:/localscratch/bpinsard.3203271.0/fmriprep_studymovie10_sub04_ses012.job timestamp=1645823442.528921366s
5ee4635e-60b8-417a-b9c6-0c15a48ebcd4 bpinsard@nc30510.narval.calcul.quebec:/localscratch/bpinsard.3203261.0/fmriprep_studymovie10_sub04_ses002.job timestamp=1645820466.527362072s
6042879a-735f-4758-814f-99e23701da04 bpinsard@nc30319.narval.calcul.quebec:/localscratch/bpinsard.3197967.0/fmriprep_studymovie10_sub02_ses003.job timestamp=1645806413.930624278s
63d4c390-bfb2-4529-b2a4-795526dac523 bpinsard@nc20502.narval.calcul.quebec:/localscratch/bpinsard.3197973.0/fmriprep_studymovie10_sub02_ses009.job timestamp=1645805594.753401599s
63eb438b-09b1-46ec-909c-58891f3d49be bpinsard@nc20520.narval.calcul.quebec:/localscratch/bpinsard.3197975.0/fmriprep_studymovie10_sub02_ses010.job timestamp=1645808499.933843949s
6ed6542d-4ded-4734-9dfa-82e97bae8e63 ria-sequoia-storage timestamp=1645045271.671865331s
6f7c3026-ea31-4827-9b33-c20591117e8d bpinsard@nc10301.narval.calcul.quebec:/localscratch/bpinsard.3177018.0/fmriprep_studymovie10_sub01_ses003.job timestamp=1645735342.705862044s
91c88a9f-8b7c-4116-9932-65fb8937d047 bpinsard@nc11022.narval.calcul.quebec:/localscratch/bpinsard.3203259.0/fmriprep_studymovie10_sub03_ses013.job timestamp=1645821299.929012021s
92a41002-64e5-4566-a542-258bb34ccc3a bpinsard@nc10401.narval.calcul.quebec:/localscratch/bpinsard.3177469.0/fmriprep_studymovie10_sub01_ses011.job timestamp=1645739391.158978941s
9639d1b2-ea55-4b16-8fd6-479632d8e2e9 bpinsard@nc11026.narval.calcul.quebec:/localscratch/bpinsard.3203260.0/fmriprep_studymovie10_sub04_ses001.job timestamp=1645821581.514518419s
96a0908c-88ef-4215-a520-4cd43d57a033 bpinsard@nc10255.narval.calcul.quebec:/localscratch/bpinsard.3203248.0/fmriprep_studymovie10_sub03_ses001.job timestamp=1645816978.363649274s
9cbfdb5c-178d-4d4e-9a28-a9c89ff4878a bpinsard@nc11017.narval.calcul.quebec:/localscratch/bpinsard.3203258.0/fmriprep_studymovie10_sub03_ses012.job timestamp=1645820183.601303705s
a2ddaff0-bd12-411e-bcbc-194617559c14 bpinsard@nc10436.narval.calcul.quebec:/localscratch/bpinsard.3197972.0/fmriprep_studymovie10_sub02_ses008.job timestamp=1645808166.841010748s
a79571cf-402b-461f-adac-56105db8a921 bpinsard@beluga1.int.ets1.calculquebec.ca:/lustre03/project/6003287/datasets/cneuromod_processed/fmriprep/movie10 timestamp=1624460363.908541s
aefb573b-6f3d-4bb8-aca9-7435e53f220b bpinsard@nc20504.narval.calcul.quebec:/localscratch/bpinsard.3177466.0/fmriprep_studymovie10_sub01_ses008.job timestamp=1645741023.94338636s
af4edacc-1477-46d7-91a7-58251c54f27c bpinsard@nc10307.narval.calcul.quebec:/localscratch/bpinsard.3177020.0/fmriprep_studymovie10_sub01_ses005.job timestamp=1645736967.795228274s
aff7b639-8667-4a58-ad31-b70c0c8bd7ab bpinsard@nc30543.narval.calcul.quebec:/localscratch/bpinsard.3203265.0/fmriprep_studymovie10_sub04_ses006.job timestamp=1645819621.21196325s
b56b1dda-4bfb-40dc-965e-5004371f4d4d bpinsard@nc20103.narval.calcul.quebec:/localscratch/bpinsard.3203285.0/fmriprep_studymovie10_sub06_ses005.job timestamp=1645827104.393846949s
bbd57337-bde3-485f-ae0e-ca9b5baa79dd bpinsard@nc30536.narval.calcul.quebec:/localscratch/bpinsard.3203272.0/fmriprep_studymovie10_sub05_ses001.job timestamp=1645822141.283720602s
bd040230-b0c0-4cfc-a206-4d07255aaebc bpinsard@nc30405.narval.calcul.quebec:/localscratch/bpinsard.3203254.0/fmriprep_studymovie10_sub03_ses007.job timestamp=1645818393.370569968s
c512b62b-3b0c-4001-abc2-843d647834fb bpinsard@nc11126.narval.calcul.quebec:/localscratch/bpinsard.3203267.0/fmriprep_studymovie10_sub04_ses008.job timestamp=1645822422.732188135s
cc8a8f7e-3918-4e55-8c74-79e527da7924 bpinsard@nc31017.narval.calcul.quebec:/localscratch/bpinsard.3177468.0/fmriprep_studymovie10_sub01_ses010.job timestamp=1645743479.918003721s
cf79b37c-9707-44d0-b52c-a8ed0459506c bpinsard@nc10430.narval.calcul.quebec:/localscratch/bpinsard.3197969.0/fmriprep_studymovie10_sub02_ses005.job timestamp=1645807274.236437703s
d35a3266-2b66-4ed0-867e-0d3e6412fcb9 bpinsard@nc30208.narval.calcul.quebec:/localscratch/bpinsard.3177016.0/fmriprep_studymovie10_sub01_ses002.job timestamp=1645737777.824939431s
d4227775-cdd8-418d-b92e-88d284b31a9b bpinsard@nc10411.narval.calcul.quebec:/localscratch/bpinsard.3177470.0/fmriprep_studymovie10_sub01_ses012.job timestamp=1645738584.627567254s
d70000d2-c8f6-4d20-adfd-21107b5e4369 bpinsard@nc10326.narval.calcul.quebec:/localscratch/bpinsard.3203253.0/fmriprep_studymovie10_sub03_ses006.job timestamp=1645819330.070605334s
d916e570-f9b4-491a-8c39-b40772dc2c32 bpinsard@nc30537.narval.calcul.quebec:/localscratch/bpinsard.3203275.0/fmriprep_studymovie10_sub05_ses004.job timestamp=1645822704.260848999s
dbbca521-7b91-48e1-b51c-da85b20b82e0 bpinsard@nc30420.narval.calcul.quebec:/localscratch/bpinsard.3203283.0/fmriprep_studymovie10_sub06_ses003.job timestamp=1645826264.989852931s
df6aecbc-a317-4d1a-8c90-bc4f3d9a07ac bpinsard@nc10426.narval.calcul.quebec:/localscratch/bpinsard.3197968.0/fmriprep_studymovie10_sub02_ses004.job timestamp=1645804781.914474544s
e32207a2-dab4-474c-acfc-b7f86a429c6f bpinsard@nc30536.narval.calcul.quebec:/localscratch/bpinsard.3203273.0/fmriprep_studymovie10_sub05_ses002.job timestamp=1645823985.610445689s
e365bccd-40f8-4594-b269-229f4964106d bpinsard@nc20606.narval.calcul.quebec:/localscratch/bpinsard.3203269.0/fmriprep_studymovie10_sub04_ses010.job timestamp=1645823159.679992799s
e3b73ca2-52e4-4b95-89d1-72ee8a6c1836 bpinsard@nc30541.narval.calcul.quebec:/localscratch/bpinsard.3203263.0/fmriprep_studymovie10_sub04_ses004.job timestamp=1645820746.348963959s
e4485175-4fcb-4c6c-b575-27d9e8b4c6c5 bpinsard@nc30547.narval.calcul.quebec:/localscratch/bpinsard.3203266.0/fmriprep_studymovie10_sub04_ses007.job timestamp=1645821862.708562412s
e692a631-3eda-4b22-8939-68e3f0421304 bpinsard@nc20504.narval.calcul.quebec:/localscratch/bpinsard.3177465.0/fmriprep_studymovie10_sub01_ses007.job timestamp=1645741826.454528578s
f46307ed-27d1-4666-98fb-9a4eca495a7b bpinsard@nc30543.narval.calcul.quebec:/localscratch/bpinsard.3203264.0/fmriprep_studymovie10_sub04_ses005.job timestamp=1645821019.309769925s
fac462a0-712b-4cf7-bce6-b7c93e941080 bpinsard@nc30319.narval.calcul.quebec:/localscratch/bpinsard.3197966.0/fmriprep_studymovie10_sub02_ses002.job timestamp=1645806984.67553198s
fe96bb3d-8733-4ae8-b0c0-ce2f35769b46 bpinsard@nc10109.narval.calcul.quebec:/localscratch/bpinsard.3203287.0/fmriprep_studymovie10_sub06_ses007.job timestamp=1645828962.36987333s
fec97757-877a-4736-ab5e-0f2a92d44a1b bpinsard@nc10105.narval.calcul.quebec:/localscratch/bpinsard.3203277.0/fmriprep_studymovie10_sub05_ses007.job timestamp=1645826825.031314425s
